2015-06-20 04:39:56.595 SipperiOS[877:17224] Unable to simultaneously satisfy constraints.
	Probably at least one of the constraints in the following list is one you don't want. Try this: (1) look at each constraint and try to figure out which you don't expect; (2) find the code that added the unwanted constraint or constraints and fix it. (Note: If you're seeing NSAutoresizingMaskLayoutConstraints that you don't understand, refer to the documentation for the UIView property translatesAutoresizingMaskIntoConstraints) 
(
    "<NSLayoutConstraint:0x7abe2100 H:[UIButton:0x7abe2d90(223)]>",
    "<NSLayoutConstraint:0x7acf70c0 H:|-(49)-[UIButton:0x7abe2d90]   (Names: '|':UIView:0x7acf5c90 )>",
    "<NSLayoutConstraint:0x7acf7120 H:[UIButton:0x7abe2d90]-(48)-|   (Names: '|':UIView:0x7acf5c90 )>",
    "<NSLayoutConstraint:0x7abe2bc0 'UIView-Encapsulated-Layout-Width' H:[UIView:0x7acf5c90(375)]>"
)

Will attempt to recover by breaking constraint 
<NSLayoutConstraint:0x7abe2100 H:[UIButton:0x7abe2d90(223)]>

Make a symbolic breakpoint at UIViewAlertForUnsatisfiableConstraints to catch this in the debugger.
The methods in the UIConstraintBasedLayoutDebugging category on UIView listed in <UIKit/UIView.h> may also be helpful.
2015-06-20 04:40:05.999 SipperiOS[877:17224] RanToCompletion
2015-06-20 04:40:06.000 SipperiOS[877:17224] 100
2015-06-20 04:40:06.256 SipperiOS[877:17224] 0 days, 5 hours, 59 minutes, 58 seconds
2015-06-20 04:40:06.256 SipperiOS[877:17224] 5 Hour
2015-06-20 04:40:06.295 SipperiOS[877:17224] 0 days, 15 hours, 59 minutes, 58 seconds
2015-06-20 04:40:06.295 SipperiOS[877:17224] 15 Hour
2015-06-20 04:40:06.299 SipperiOS[877:17224] 0 days, 19 hours, 59 minutes, 58 seconds
2015-06-20 04:40:06.299 SipperiOS[877:17224] 19 Hour
2015-06-20 04:40:06.301 SipperiOS[877:17224] 1 days, 4 hours, 59 minutes, 58 seconds
2015-06-20 04:40:06.301 SipperiOS[877:17224] 1 Day
2015-06-20 04:40:06.305 SipperiOS[877:17224] 1 days, 5 hours, 59 minutes, 58 seconds
2015-06-20 04:40:06.305 SipperiOS[877:17224] 1 Day
2015-06-20 04:40:06.349 SipperiOS[877:17224] Width 375
2015-06-20 04:40:06.351 SipperiOS[877:17224] Width 375
2015-06-20 04:40:06.352 SipperiOS[877:17224] Width 375
2015-06-20 04:40:06.353 SipperiOS[877:17224] Width 375
2015-06-20 04:40:06.354 SipperiOS[877:17224] Width 375
2015-06-20 04:40:07.717 SipperiOS[877:17224] 1 days, 4 hours, 59 minutes, 57 seconds
2015-06-20 04:40:07.717 SipperiOS[877:17224] 1 Day
2015-06-20 04:40:07.721 SipperiOS[877:17224] Width 375
2015-06-20 04:40:08.000 SipperiOS[877:17224] 1 days, 5 hours, 59 minutes, 56 seconds
2015-06-20 04:40:08.000 SipperiOS[877:17224] 1 Day
2015-06-20 04:40:08.003 SipperiOS[877:17224] Width 375
2015-06-20 04:40:08.021 SipperiOS[877:17224] RanToCompletion
2015-06-20 04:40:08.021 SipperiOS[877:17224] 100
2015-06-20 04:40:08.027 SipperiOS[877:17224] 0 days, 5 hours, 59 minutes, 56 seconds
2015-06-20 04:40:08.027 SipperiOS[877:17224] 5 Hour
2015-06-20 04:40:08.028 SipperiOS[877:17224] 0 days, 15 hours, 59 minutes, 56 seconds
2015-06-20 04:40:08.028 SipperiOS[877:17224] 15 Hour
2015-06-20 04:40:08.030 SipperiOS[877:17224] 0 days, 19 hours, 59 minutes, 56 seconds
2015-06-20 04:40:08.031 SipperiOS[877:17224] 19 Hour
2015-06-20 04:40:08.032 SipperiOS[877:17224] 1 days, 4 hours, 59 minutes, 56 seconds
2015-06-20 04:40:08.032 SipperiOS[877:17224] 1 Day
2015-06-20 04:40:08.034 SipperiOS[877:17224] 1 days, 5 hours, 59 minutes, 56 seconds
2015-06-20 04:40:08.034 SipperiOS[877:17224] 1 Day
2015-06-20 04:40:08.036 SipperiOS[877:17224] Width 375
2015-06-20 04:40:08.038 SipperiOS[877:17224] Width 375
2015-06-20 04:40:08.039 SipperiOS[877:17224] Width 375
2015-06-20 04:40:08.039 SipperiOS[877:17224] Width 375
2015-06-20 04:40:08.040 SipperiOS[877:17224] Width 375
2015-06-20 04:40:16.963 SipperiOS[877:17224] 1 days, 4 hours, 59 minutes, 48 seconds
2015-06-20 04:40:16.963 SipperiOS[877:17224] 1 Day
2015-06-20 04:40:16.965 SipperiOS[877:17224] Width 375
2015-06-20 04:40:17.230 SipperiOS[877:17224] 1 days, 5 hours, 59 minutes, 47 seconds
2015-06-20 04:40:17.230 SipperiOS[877:17224] 1 Day
2015-06-20 04:40:17.232 SipperiOS[877:17224] Width 375
2015-06-20 04:40:18.645 SipperiOS[877:17224] 1 days, 5 hours, 59 minutes, 46 seconds
2015-06-20 04:40:18.645 SipperiOS[877:17224] 1 Day
2015-06-20 04:40:18.646 SipperiOS[877:17224] Width 375
